> Task :app:preBuild UP-TO-DATE
> Task :app:preDebugBuild UP-TO-DATE
> Task :app:mergeDebugNativeDebugMetadata NO-SOURCE
> Task :core:model:checkKotlinGradlePluginConfigurationErrors
> Task :core:model:compileKotlin UP-TO-DATE
> Task :core:model:compileJava NO-SOURCE
> Task :core:model:processResources NO-SOURCE
> Task :core:model:classes UP-TO-DATE
> Task :core:model:jar UP-TO-DATE
> Task :app:checkKotlinGradlePluginConfigurationErrors
> Task :core:camera:preBuild UP-TO-DATE
> Task :core:camera:preDebugBuild UP-TO-DATE
> Task :core:camera:writeDebugAarMetadata UP-TO-DATE
> Task :core:common:preBuild UP-TO-DATE
> Task :core:common:preDebugBuild UP-TO-DATE
> Task :core:common:writeDebugAarMetadata UP-TO-DATE
> Task :core:native:preBuild UP-TO-DATE
> Task :core:native:preDebugBuild UP-TO-DATE
> Task :core:native:writeDebugAarMetadata UP-TO-DATE
> Task :core:pipeline:preBuild UP-TO-DATE
> Task :core:pipeline:preDebugBuild UP-TO-DATE
> Task :core:pipeline:writeDebugAarMetadata UP-TO-DATE
> Task :feature:viewfinder:preBuild UP-TO-DATE
> Task :feature:viewfinder:preDebugBuild UP-TO-DATE
> Task :feature:viewfinder:writeDebugAarMetadata UP-TO-DATE
> Task :app:checkDebugAarMetadata UP-TO-DATE
> Task :app:generateDebugResValues UP-TO-DATE
> Task :core:camera:generateDebugResValues UP-TO-DATE
> Task :core:camera:generateDebugResources UP-TO-DATE
> Task :core:camera:packageDebugResources UP-TO-DATE
> Task :core:common:generateDebugResValues UP-TO-DATE
> Task :core:common:generateDebugResources UP-TO-DATE
> Task :core:common:packageDebugResources UP-TO-DATE
> Task :core:native:generateDebugResValues UP-TO-DATE
> Task :core:native:generateDebugResources UP-TO-DATE
> Task :core:native:packageDebugResources UP-TO-DATE
> Task :core:pipeline:generateDebugResValues UP-TO-DATE
> Task :core:pipeline:generateDebugResources UP-TO-DATE
> Task :core:pipeline:packageDebugResources UP-TO-DATE
> Task :feature:viewfinder:generateDebugResValues UP-TO-DATE
> Task :feature:viewfinder:generateDebugResources UP-TO-DATE
> Task :feature:viewfinder:packageDebugResources UP-TO-DATE
> Task :app:mapDebugSourceSetPaths UP-TO-DATE
> Task :app:generateDebugResources UP-TO-DATE
> Task :app:mergeDebugResources UP-TO-DATE
> Task :app:packageDebugResources UP-TO-DATE
> Task :app:parseDebugLocalResources UP-TO-DATE
> Task :app:createDebugCompatibleScreenManifests UP-TO-DATE
> Task :app:extractDeepLinksDebug UP-TO-DATE
> Task :core:camera:extractDeepLinksDebug UP-TO-DATE
> Task :core:camera:processDebugManifest UP-TO-DATE
> Task :core:common:extractDeepLinksDebug UP-TO-DATE
> Task :core:common:processDebugManifest UP-TO-DATE
> Task :core:native:extractDeepLinksDebug UP-TO-DATE
> Task :core:native:processDebugManifest UP-TO-DATE
> Task :core:pipeline:extractDeepLinksDebug UP-TO-DATE
> Task :core:pipeline:processDebugManifest UP-TO-DATE
> Task :feature:viewfinder:extractDeepLinksDebug UP-TO-DATE
> Task :feature:viewfinder:processDebugManifest UP-TO-DATE
> Task :app:processDebugMainManifest UP-TO-DATE
> Task :app:processDebugManifest UP-TO-DATE
> Task :app:processDebugManifestForPackage UP-TO-DATE
> Task :core:camera:compileDebugLibraryResources UP-TO-DATE
> Task :core:camera:parseDebugLocalResources UP-TO-DATE
> Task :core:camera:generateDebugRFile UP-TO-DATE
> Task :core:common:compileDebugLibraryResources UP-TO-DATE
> Task :core:common:parseDebugLocalResources UP-TO-DATE
> Task :core:common:generateDebugRFile UP-TO-DATE
> Task :core:native:compileDebugLibraryResources UP-TO-DATE
> Task :core:native:parseDebugLocalResources UP-TO-DATE
> Task :core:native:generateDebugRFile UP-TO-DATE
> Task :core:pipeline:compileDebugLibraryResources UP-TO-DATE
> Task :core:pipeline:parseDebugLocalResources UP-TO-DATE
> Task :core:pipeline:generateDebugRFile UP-TO-DATE
> Task :feature:viewfinder:compileDebugLibraryResources UP-TO-DATE
> Task :feature:viewfinder:parseDebugLocalResources UP-TO-DATE
> Task :feature:viewfinder:generateDebugRFile UP-TO-DATE
> Task :app:processDebugResources UP-TO-DATE
> Task :core:camera:checkKotlinGradlePluginConfigurationErrors
> Task :core:common:checkKotlinGradlePluginConfigurationErrors
> Task :core:common:kspDebugKotlin UP-TO-DATE
> Task :core:common:compileDebugKotlin UP-TO-DATE
> Task :core:common:javaPreCompileDebug UP-TO-DATE
> Task :core:common:compileDebugJavaWithJavac UP-TO-DATE
> Task :core:common:transformDebugClassesWithAsm UP-TO-DATE
> Task :core:common:bundleLibCompileToJarDebug UP-TO-DATE
> Task :core:camera:kspDebugKotlin UP-TO-DATE
> Task :core:camera:javaPreCompileDebug UP-TO-DATE
> Task :core:common:bundleLibRuntimeToJarDebug UP-TO-DATE
> Task :core:native:checkKotlinGradlePluginConfigurationErrors
> Task :core:native:kspDebugKotlin UP-TO-DATE
> Task :core:native:compileDebugKotlin UP-TO-DATE
> Task :core:native:javaPreCompileDebug UP-TO-DATE
> Task :core:native:compileDebugJavaWithJavac
> Task :core:pipeline:checkKotlinGradlePluginConfigurationErrors
> Task :core:pipeline:javaPreCompileDebug UP-TO-DATE
> Task :feature:viewfinder:checkKotlinGradlePluginConfigurationErrors
> Task :feature:viewfinder:javaPreCompileDebug UP-TO-DATE
> Task :app:javaPreCompileDebug UP-TO-DATE
> Task :app:mergeDebugShaders UP-TO-DATE
> Task :app:compileDebugShaders NO-SOURCE
> Task :app:generateDebugAssets UP-TO-DATE

> Task :core:camera:compileDebugKotlin FAILED
e: file:///C:/Projects/Hobby/Operator/core/camera/src/main/java/com/example/camerax/core/camera/session/CameraSessionControllerImpl.kt:22:27 Unresolved reference: guava

> Task :core:camera:mergeDebugShaders UP-TO-DATE
> Task :core:native:transformDebugClassesWithAsm

FAILURE: Build failed with an exception.

* What went wrong:
Execution failed for task ':core:camera:compileDebugKotlin'.
> A failure occurred while executing org.jetbrains.kotlin.compilerRunner.GradleCompilerRunnerWithWorkers$GradleKotlinCompilerWorkAction
   > Compilation error. See log for more details

* Try:
> Run with --stacktrace option to get the stack trace.
> Run with --info or --debug option to get more log output.
> Run with --scan to get full insights.
> Get more help at https://help.gradle.org.

BUILD FAILED in 4s
87 actionable tasks: 10 executed, 77 up-to-date
